<?xml version="1.0" encoding="UTF-8"?>
<!-- Generated by org.testng.reporters.JUnitReportReporter -->
<testsuite hostname="DESKTOP-AB6BR8M" failures="0" tests="1" name="com.ShoppersStack_TestScripts.TC_002_verify_user_is_able_to_delete_address_or_not" time="15.427" errors="0" timestamp="2025-04-03T10:25:19 IST" skipped="0">
  <testcase classname="com.ShoppersStack_TestScripts.TC_002_verify_user_is_able_to_delete_address_or_not" name="deleteAddress" time="15.427"/>
</testsuite> <!-- com.ShoppersStack_TestScripts.TC_002_verify_user_is_able_to_delete_address_or_not -->
